<?xml version="1.0" encoding="UTF-8"?>
<!-- Generated by org.testng.reporters.JUnitReportReporter -->
<testsuite skipped="0" hostname="user-PC" name="Ingenioustech.IngenioistechApp.LoginPage" tests="2" failures="0" timestamp="12 Dec 2021 06:35:35 GMT" time="0.029" errors="0">
  <testcase name="tc_02" time="0.003" classname="Ingenioustech.IngenioistechApp.LoginPage"/>
  <testcase name="tc_01" time="0.026" classname="Ingenioustech.IngenioistechApp.LoginPage"/>
</testsuite> <!-- Ingenioustech.IngenioistechApp.LoginPage -->
